[debug] [2022-11-21T17:11:50.713Z] ----------------------------------------------------------------------
[debug] [2022-11-21T17:11:50.714Z] Command:       C:\Program Files\nodejs\node.exe C:\Users\user\AppData\Roaming\npm\node_modules\firebase-tools\lib\bin\firebase.js init
[debug] [2022-11-21T17:11:50.715Z] CLI Version:   11.0.0
[debug] [2022-11-21T17:11:50.715Z] Platform:      win32
[debug] [2022-11-21T17:11:50.715Z] Node Version:  v18.12.1
[debug] [2022-11-21T17:11:50.718Z] Time:          Mon Nov 21 2022 22:41:50 GMT+0530 (India Standard Time)
[debug] [2022-11-21T17:11:50.718Z] ----------------------------------------------------------------------
[debug] 
[debug] [2022-11-21T17:11:50.719Z] >>> [apiv2][query] GET https://firebase-public.firebaseio.com/cli.json [none]
[debug] [2022-11-21T17:11:50.775Z] > command requires scopes: ["email","openid","https://www.googleapis.com/auth/cloudplatformprojects.readonly","https://www.googleapis.com/auth/firebase","https://www.googleapis.com/auth/cloud-platform"]
[debug] [2022-11-21T17:11:50.775Z] > authorizing via signed-in user (hellofeedbackplace@gmail.com)
[info] 
     ######## #### ########  ######## ########     ###     ######  ########
     ##        ##  ##     ## ##       ##     ##  ##   ##  ##       ##
     ######    ##  ########  ######   ########  #########  ######  ######
     ##        ##  ##    ##  ##       ##     ## ##     ##       ## ##
     ##       #### ##     ## ######## ########  ##     ##  ######  ########

You're about to initialize a Firebase project in this directory:

  D:\Work\React\esports_website

Before we get started, keep in mind:

  * You are initializing within an existing Firebase project directory

[debug] [2022-11-21T17:11:51.471Z] <<< [apiv2][status] GET https://firebase-public.firebaseio.com/cli.json 200
[debug] [2022-11-21T17:11:51.471Z] <<< [apiv2][body] GET https://firebase-public.firebaseio.com/cli.json {"cloudBuildErrorAfter":1594252800000,"cloudBuildWarnAfter":1590019200000,"defaultNode10After":1594252800000,"minVersion":"3.0.5","node8DeploysDisabledAfter":1613390400000,"node8RuntimeDisabledAfter":1615809600000,"node8WarnAfter":1600128000000}
[info] 
=== Project Setup
[info] 
[info] First, let's associate this project directory with a Firebase project.
[info] You can create multiple project aliases by running firebase use --add, 
[info] but for now we'll just set up a default project.
[info] 
[debug] [2022-11-21T17:11:57.940Z] Using project from CLI flag: esports-website
[debug] [2022-11-21T17:11:57.941Z] > refreshing access token with scopes: []
[debug] [2022-11-21T17:11:57.941Z] >>> HTTP REQUEST POST https://www.googleapis.com/oauth2/v3/token  
 <request body omitted>
[debug] [2022-11-21T17:11:58.121Z] <<< HTTP RESPONSE 200 {"expires":"Mon, 01 Jan 1990 00:00:00 GMT","pragma":"no-cache","cache-control":"no-cache, no-store, max-age=0, must-revalidate","date":"Mon, 21 Nov 2022 17:11:57 GMT","content-type":"application/json; charset=utf-8","vary":"X-Origin, Referer, Origin,Accept-Encoding","server":"scaffolding on HTTPServer2","x-xss-protection":"0","x-frame-options":"SAMEORIGIN","x-content-type-options":"nosniff","alt-svc":"h3=\":443\"; ma=2592000,h3-29=\":443\"; ma=2592000,h3-Q050=\":443\"; ma=2592000,h3-Q046=\":443\"; ma=2592000,h3-Q043=\":443\"; ma=2592000,quic=\":443\"; ma=2592000; v=\"46,43\"","accept-ranges":"none","transfer-encoding":"chunked"}
[debug] [2022-11-21T17:11:58.126Z] >>> [apiv2][query] GET https://firebase.googleapis.com/v1beta1/projects/esports-website [none]
[debug] [2022-11-21T17:11:58.853Z] <<< [apiv2][status] GET https://firebase.googleapis.com/v1beta1/projects/esports-website 403
[debug] [2022-11-21T17:11:58.853Z] <<< [apiv2][body] GET https://firebase.googleapis.com/v1beta1/projects/esports-website {"error":{"code":403,"message":"The caller does not have permission","status":"PERMISSION_DENIED"}}
[debug] [2022-11-21T17:11:58.854Z] HTTP Error: 403, The caller does not have permission
[debug] [2022-11-21T17:11:59.001Z] FirebaseError: HTTP Error: 403, The caller does not have permission
    at module.exports (C:\Users\user\AppData\Roaming\npm\node_modules\firebase-tools\lib\responseToError.js:47:12)
    at RetryOperation._fn (C:\Users\user\AppData\Roaming\npm\node_modules\firebase-tools\lib\apiv2.js:286:39)
    at process.processTicksAndRejections (node:internal/process/task_queues:95:5)
[error] 
[error] Error: Failed to get Firebase project esports-website. Please make sure the project exists and your account has permission to access it.
[debug] [2022-11-21T17:12:28.960Z] ----------------------------------------------------------------------
[debug] [2022-11-21T17:12:28.961Z] Command:       C:\Program Files\nodejs\node.exe C:\Users\user\AppData\Roaming\npm\node_modules\firebase-tools\lib\bin\firebase.js deploy
[debug] [2022-11-21T17:12:28.961Z] CLI Version:   11.0.0
[debug] [2022-11-21T17:12:28.961Z] Platform:      win32
[debug] [2022-11-21T17:12:28.961Z] Node Version:  v18.12.1
[debug] [2022-11-21T17:12:28.962Z] Time:          Mon Nov 21 2022 22:42:28 GMT+0530 (India Standard Time)
[debug] [2022-11-21T17:12:28.962Z] ----------------------------------------------------------------------
[debug] 
[debug] [2022-11-21T17:12:28.994Z] > command requires scopes: ["email","openid","https://www.googleapis.com/auth/cloudplatformprojects.readonly","https://www.googleapis.com/auth/firebase","https://www.googleapis.com/auth/cloud-platform"]
[debug] [2022-11-21T17:12:28.994Z] > authorizing via signed-in user (hellofeedbackplace@gmail.com)
[debug] [2022-11-21T17:12:28.994Z] [iam] checking project esports-website for permissions ["firebase.projects.get","firebasehosting.sites.update"]
[debug] [2022-11-21T17:12:28.995Z] >>> [apiv2][query] POST https://cloudresourcemanager.googleapis.com/v1/projects/esports-website:testIamPermissions [none]
[debug] [2022-11-21T17:12:28.995Z] >>> [apiv2][body] POST https://cloudresourcemanager.googleapis.com/v1/projects/esports-website:testIamPermissions {"permissions":["firebase.projects.get","firebasehosting.sites.update"]}
[debug] [2022-11-21T17:12:30.589Z] <<< [apiv2][status] POST https://cloudresourcemanager.googleapis.com/v1/projects/esports-website:testIamPermissions 200
[debug] [2022-11-21T17:12:30.589Z] <<< [apiv2][body] POST https://cloudresourcemanager.googleapis.com/v1/projects/esports-website:testIamPermissions {}
[debug] [2022-11-21T17:12:30.589Z] [iam] error while checking permissions, command may fail: FirebaseError: Authorization failed. This account is missing the following required permissions on project esports-website:

  firebase.projects.get
  firebasehosting.sites.update
[debug] [2022-11-21T17:12:30.590Z] >>> [apiv2][query] GET https://firebase.googleapis.com/v1beta1/projects/esports-website [none]
[debug] [2022-11-21T17:12:31.235Z] <<< [apiv2][status] GET https://firebase.googleapis.com/v1beta1/projects/esports-website 403
[debug] [2022-11-21T17:12:31.236Z] <<< [apiv2][body] GET https://firebase.googleapis.com/v1beta1/projects/esports-website {"error":{"code":403,"message":"The caller does not have permission","status":"PERMISSION_DENIED"}}
[debug] [2022-11-21T17:12:31.236Z] HTTP Error: 403, The caller does not have permission
[debug] [2022-11-21T17:12:31.381Z] FirebaseError: HTTP Error: 403, The caller does not have permission
    at module.exports (C:\Users\user\AppData\Roaming\npm\node_modules\firebase-tools\lib\responseToError.js:47:12)
    at RetryOperation._fn (C:\Users\user\AppData\Roaming\npm\node_modules\firebase-tools\lib\apiv2.js:286:39)
    at process.processTicksAndRejections (node:internal/process/task_queues:95:5)
[error] 
[error] Error: Failed to get Firebase project esports-website. Please make sure the project exists and your account has permission to access it.
